<?xml version="1.0" encoding="UTF-8"?>
<testng-results skipped="0" failed="0" ignored="0" total="1" passed="1">
  <reporter-output>
  </reporter-output>
  <suite name="Command line suite" duration-ms="16195" started-at="2021-04-22T20:32:41 IST" finished-at="2021-04-22T20:32:58 IST">
    <groups>
      <group name="cucumber">
        <method signature="TestRunner.feature(cucumber.api.testng.CucumberFeatureWrapper)[pri:0, instance:cucumberOptions.TestRunner@60c6f5b]" name="feature" class="cucumberOptions.TestRunner"/>
      </group> <!-- cucumber -->
    </groups>
    <test name="Command line test" duration-ms="16195" started-at="2021-04-22T20:32:41 IST" finished-at="2021-04-22T20:32:58 IST">
      <class name="cucumberOptions.TestRunner">
        <test-method status="PASS" signature="setUpClass()[pri:0, instance:cucumberOptions.TestRunner@60c6f5b]" name="setUpClass" is-config="true" duration-ms="1030" started-at="2021-04-22T20:32:41 IST" finished-at="2021-04-22T20:32:42 IST">
          <reporter-output>
          </reporter-output>
        </test-method> <!-- setUpClass -->
        <test-method status="PASS" signature="feature(cucumber.api.testng.CucumberFeatureWrapper)[pri:0, instance:cucumberOptions.TestRunner@60c6f5b]" name="feature" duration-ms="14708" started-at="2021-04-22T20:32:43 IST" description="Runs Cucumber Feature" data-provider="features" finished-at="2021-04-22T20:32:57 IST">
          <params>
            <param index="0">
              <value>
                <![CDATA[Validating place API]]>
              </value>
            </param>
          </params>
          <reporter-output>
          </reporter-output>
        </test-method> <!-- feature -->
        <test-method status="PASS" signature="tearDownClass()[pri:0, instance:cucumberOptions.TestRunner@60c6f5b]" name="tearDownClass" is-config="true" duration-ms="47" started-at="2021-04-22T20:32:57 IST" finished-at="2021-04-22T20:32:58 IST">
          <reporter-output>
          </reporter-output>
        </test-method> <!-- tearDownClass -->
      </class> <!-- cucumberOptions.TestRunner -->
    </test> <!-- Command line test -->
  </suite> <!-- Command line suite -->
</testng-results>
