<?xml version="1.0" encoding="UTF-8"?>
<testng-results ignored="0" total="1" passed="1" failed="0" skipped="0">
  <reporter-output>
  </reporter-output>
  <suite started-at="2021-04-16T00:40:31 IST" name="Default suite" finished-at="2021-04-16T00:40:36 IST" duration-ms="4856">
    <groups>
      <group name="cucumber">
        <method signature="TestRunner.feature(cucumber.api.testng.CucumberFeatureWrapper)[pri:0, instance:cucumberOptions.TestRunner@70f02c32]" name="feature" class="cucumberOptions.TestRunner"/>
      </group> <!-- cucumber -->
    </groups>
    <test started-at="2021-04-16T00:40:31 IST" name="Default test" finished-at="2021-04-16T00:40:36 IST" duration-ms="4856">
      <class name="cucumberOptions.TestRunner">
        <test-method is-config="true" signature="setUpClass()[pri:0, instance:cucumberOptions.TestRunner@70f02c32]" started-at="2021-04-16T00:40:31 IST" name="setUpClass" finished-at="2021-04-16T00:40:32 IST" duration-ms="569" status="PASS">
          <reporter-output>
          </reporter-output>
        </test-method> <!-- setUpClass -->
        <test-method signature="feature(cucumber.api.testng.CucumberFeatureWrapper)[pri:0, instance:cucumberOptions.TestRunner@70f02c32]" started-at="2021-04-16T00:40:32 IST" name="feature" description="Runs Cucumber Feature" data-provider="features" finished-at="2021-04-16T00:40:36 IST" duration-ms="4052" status="PASS">
          <params>
            <param index="0">
              <value>
                <![CDATA[Validating place API]]>
              </value>
            </param>
          </params>
          <reporter-output>
          </reporter-output>
        </test-method> <!-- feature -->
        <test-method is-config="true" signature="tearDownClass()[pri:0, instance:cucumberOptions.TestRunner@70f02c32]" started-at="2021-04-16T00:40:36 IST" name="tearDownClass" finished-at="2021-04-16T00:40:36 IST" duration-ms="16" status="PASS">
          <reporter-output>
          </reporter-output>
        </test-method> <!-- tearDownClass -->
      </class> <!-- cucumberOptions.TestRunner -->
    </test> <!-- Default test -->
  </suite> <!-- Default suite -->
</testng-results>
